# JRE version: OpenJDK Runtime Environment Temurin-21.0.8+9 (21.0.8+9) (build 21.0.8+9-LTS)
# Java VM: OpenJDK 64-Bit Server VM Temurin-21.0.8+9 (21.0.8+9-LTS, mixed mode, sharing, tiered, compressed oops, compressed class ptrs, parallel gc, windows-amd64)
GC Precious Log:
 CardTable entry size: 512
 CPUs: 12 total, 12 available
 Memory: 3405M
 Large Page Support: Disabled
 NUMA Support: Disabled
 Compressed Oops: Enabled (32-bit)
 Alignments: Space 512K, Generation 512K, Heap 2M
 Heap Min Capacity: 100M
 Heap Initial Capacity: 100M
 Heap Max Capacity: 2G
 Pre-touch: Disabled
 Parallel Workers: 10
Heap:
 PSYoungGen      total 10752K, used 1990K [0x00000000d5580000, 0x00000000d6380000, 0x0000000100000000)
  eden space 9216K, 9% used [0x00000000d5580000,0x00000000d5655930,0x00000000d5e80000)
  from space 1536K, 73% used [0x00000000d6200000,0x00000000d631c070,0x00000000d6380000)
  to   space 1536K, 0% used [0x00000000d6080000,0x00000000d6080000,0x00000000d6200000)
 ParOldGen       total 331776K, used 331393K [0x0000000080000000, 0x0000000094400000, 0x00000000d5580000)
  object space 331776K, 99% used [0x0000000080000000,0x00000000943a0508,0x0000000094400000)
 Metaspace       used 63439K, committed 64896K, reserved 1114112K
  class space    used 6658K, committed 7296K, reserved 1048576K
GC Heap History (20 events):
Event: 47.873 GC heap before
{Heap before GC invocations=543 (full 3):
 PSYoungGen      total 6144K, used 6134K [0x00000000d5580000, 0x00000000d5e00000, 0x0000000100000000)
  eden space 5632K, 100% used [0x00000000d5580000,0x00000000d5b00000,0x00000000d5b00000)
  from space 512K, 98% used [0x00000000d5c00000,0x00000000d5c7db80,0x00000000d5c80000)
  to   space 1536K, 0% used [0x00000000d5c80000,0x00000000d5c80000,0x00000000d5e00000)
 ParOldGen       total 324096K, used 323757K [0x0000000080000000, 0x0000000093c80000, 0x00000000d5580000)
  object space 324096K, 99% used [0x0000000080000000,0x0000000093c2b798,0x0000000093c80000)
 Metaspace       used 62795K, committed 64256K, reserved 1114112K
  class space    used 6580K, committed 7232K, reserved 1048576K
}
Event: 47.877 GC heap after
{Heap after GC invocations=543 (full 3):
 PSYoungGen      total 7168K, used 1006K [0x00000000d5580000, 0x00000000d5e00000, 0x0000000100000000)
  eden space 5632K, 0% used [0x00000000d5580000,0x00000000d5580000,0x00000000d5b00000)
  from space 1536K, 65% used [0x00000000d5c80000,0x00000000d5d7b9d0,0x00000000d5e00000)
  to   space 1536K, 0% used [0x00000000d5b00000,0x00000000d5b00000,0x00000000d5c80000)
 ParOldGen       total 324608K, used 324152K [0x0000000080000000, 0x0000000093d00000, 0x00000000d5580000)
  object space 324608K, 99% used [0x0000000080000000,0x0000000093c8e3f8,0x0000000093d00000)
 Metaspace       used 62795K, committed 64256K, reserved 1114112K
  class space    used 6580K, committed 7232K, reserved 1048576K
}
Event: 48.264 GC heap before
{Heap before GC invocations=544 (full 3):
 PSYoungGen      total 7168K, used 6638K [0x00000000d5580000, 0x00000000d5e00000, 0x0000000100000000)
  eden space 5632K, 100% used [0x00000000d5580000,0x00000000d5b00000,0x00000000d5b00000)
  from space 1536K, 65% used [0x00000000d5c80000,0x00000000d5d7b9d0,0x00000000d5e00000)
  to   space 1536K, 0% used [0x00000000d5b00000,0x00000000d5b00000,0x00000000d5c80000)
 ParOldGen       total 324608K, used 324152K [0x0000000080000000, 0x0000000093d00000, 0x00000000d5580000)
  object space 324608K, 99% used [0x0000000080000000,0x0000000093c8e3f8,0x0000000093d00000)
 Metaspace       used 63008K, committed 64448K, reserved 1114112K
  class space    used 6606K, committed 7232K, reserved 1048576K
}
Event: 48.272 GC heap after
{Heap after GC invocations=544 (full 3):
 PSYoungGen      total 6656K, used 832K [0x00000000d5580000, 0x00000000d5d00000, 0x0000000100000000)
  eden space 5632K, 0% used [0x00000000d5580000,0x00000000d5580000,0x00000000d5b00000)
  from space 1024K, 81% used [0x00000000d5b00000,0x00000000d5bd0000,0x00000000d5c00000)
  to   space 1024K, 0% used [0x00000000d5c00000,0x00000000d5c00000,0x00000000d5d00000)
 ParOldGen       total 325120K, used 325035K [0x0000000080000000, 0x0000000093d80000, 0x00000000d5580000)
  object space 325120K, 99% used [0x0000000080000000,0x0000000093d6af78,0x0000000093d80000)
 Metaspace       used 63008K, committed 64448K, reserved 1114112K
  class space    used 6606K, committed 7232K, reserved 1048576K
}
Event: 48.396 GC heap before
{Heap before GC invocations=545 (full 3):
 PSYoungGen      total 6656K, used 6464K [0x00000000d5580000, 0x00000000d5d00000, 0x0000000100000000)
  eden space 5632K, 100% used [0x00000000d5580000,0x00000000d5b00000,0x00000000d5b00000)
  from space 1024K, 81% used [0x00000000d5b00000,0x00000000d5bd0000,0x00000000d5c00000)
  to   space 1024K, 0% used [0x00000000d5c00000,0x00000000d5c00000,0x00000000d5d00000)
 ParOldGen       total 325120K, used 325035K [0x0000000080000000, 0x0000000093d80000, 0x00000000d5580000)
  object space 325120K, 99% used [0x0000000080000000,0x0000000093d6af78,0x0000000093d80000)
 Metaspace       used 63142K, committed 64640K, reserved 1114112K
  class space    used 6617K, committed 7232K, reserved 1048576K
}
Event: 48.400 GC heap after
{Heap after GC invocations=545 (full 3):
 PSYoungGen      total 6656K, used 896K [0x00000000d5580000, 0x00000000d5d00000, 0x0000000100000000)
  eden space 5632K, 0% used [0x00000000d5580000,0x00000000d5580000,0x00000000d5b00000)
  from space 1024K, 87% used [0x00000000d5c00000,0x00000000d5ce0010,0x00000000d5d00000)
  to   space 1024K, 0% used [0x00000000d5b00000,0x00000000d5b00000,0x00000000d5c00000)
 ParOldGen       total 326144K, used 325773K [0x0000000080000000, 0x0000000093e80000, 0x00000000d5580000)
  object space 326144K, 99% used [0x0000000080000000,0x0000000093e235f8,0x0000000093e80000)
 Metaspace       used 63142K, committed 64640K, reserved 1114112K
  class space    used 6617K, committed 7232K, reserved 1048576K
}
Event: 48.458 GC heap before
{Heap before GC invocations=546 (full 3):
 PSYoungGen      total 6656K, used 6514K [0x00000000d5580000, 0x00000000d5d00000, 0x0000000100000000)
  eden space 5632K, 99% used [0x00000000d5580000,0x00000000d5afc870,0x00000000d5b00000)
  from space 1024K, 87% used [0x00000000d5c00000,0x00000000d5ce0010,0x00000000d5d00000)
  to   space 1024K, 0% used [0x00000000d5b00000,0x00000000d5b00000,0x00000000d5c00000)
 ParOldGen       total 326144K, used 325773K [0x0000000080000000, 0x0000000093e80000, 0x00000000d5580000)
  object space 326144K, 99% used [0x0000000080000000,0x0000000093e235f8,0x0000000093e80000)
 Metaspace       used 63145K, committed 64640K, reserved 1114112K
  class space    used 6617K, committed 7232K, reserved 1048576K
}
Event: 48.461 GC heap after
{Heap after GC invocations=546 (full 3):
 PSYoungGen      total 6656K, used 896K [0x00000000d5580000, 0x00000000d5d00000, 0x0000000100000000)
  eden space 5632K, 0% used [0x00000000d5580000,0x00000000d5580000,0x00000000d5b00000)
  from space 1024K, 87% used [0x00000000d5b00000,0x00000000d5be0000,0x00000000d5c00000)
  to   space 1024K, 0% used [0x00000000d5c00000,0x00000000d5c00000,0x00000000d5d00000)
 ParOldGen       total 326656K, used 326355K [0x0000000080000000, 0x0000000093f00000, 0x00000000d5580000)
  object space 326656K, 99% used [0x0000000080000000,0x0000000093eb4e50,0x0000000093f00000)
 Metaspace       used 63145K, committed 64640K, reserved 1114112K
  class space    used 6617K, committed 7232K, reserved 1048576K
}
Event: 48.561 GC heap before
{Heap before GC invocations=547 (full 3):
 PSYoungGen      total 6656K, used 6528K [0x00000000d5580000, 0x00000000d5d00000, 0x0000000100000000)
  eden space 5632K, 100% used [0x00000000d5580000,0x00000000d5b00000,0x00000000d5b00000)
  from space 1024K, 87% used [0x00000000d5b00000,0x00000000d5be0000,0x00000000d5c00000)
  to   space 1024K, 0% used [0x00000000d5c00000,0x00000000d5c00000,0x00000000d5d00000)
 ParOldGen       total 326656K, used 326355K [0x0000000080000000, 0x0000000093f00000, 0x00000000d5580000)
  object space 326656K, 99% used [0x0000000080000000,0x0000000093eb4e50,0x0000000093f00000)
 Metaspace       used 63189K, committed 64640K, reserved 1114112K
  class space    used 6620K, committed 7232K, reserved 1048576K
}
Event: 48.566 GC heap after
{Heap after GC invocations=547 (full 3):
 PSYoungGen      total 6656K, used 997K [0x00000000d5580000, 0x00000000d5d00000, 0x0000000100000000)
  eden space 5632K, 0% used [0x00000000d5580000,0x00000000d5580000,0x00000000d5b00000)
  from space 1024K, 97% used [0x00000000d5c00000,0x00000000d5cf96a8,0x00000000d5d00000)
  to   space 1024K, 0% used [0x00000000d5b00000,0x00000000d5b00000,0x00000000d5c00000)
 ParOldGen       total 327168K, used 326987K [0x0000000080000000, 0x0000000093f80000, 0x00000000d5580000)
  object space 327168K, 99% used [0x0000000080000000,0x0000000093f52c18,0x0000000093f80000)
 Metaspace       used 63189K, committed 64640K, reserved 1114112K
  class space    used 6620K, committed 7232K, reserved 1048576K
}
Event: 48.638 GC heap before
{Heap before GC invocations=548 (full 3):
 PSYoungGen      total 6656K, used 6629K [0x00000000d5580000, 0x00000000d5d00000, 0x0000000100000000)
  eden space 5632K, 100% used [0x00000000d5580000,0x00000000d5b00000,0x00000000d5b00000)
  from space 1024K, 97% used [0x00000000d5c00000,0x00000000d5cf96a8,0x00000000d5d00000)
  to   space 1024K, 0% used [0x00000000d5b00000,0x00000000d5b00000,0x00000000d5c00000)
 ParOldGen       total 327168K, used 326987K [0x0000000080000000, 0x0000000093f80000, 0x00000000d5580000)
  object space 327168K, 99% used [0x0000000080000000,0x0000000093f52c18,0x0000000093f80000)
 Metaspace       used 63197K, committed 64704K, reserved 1114112K
  class space    used 6621K, committed 7296K, reserved 1048576K
}
Event: 49.641 GC heap after
{Heap after GC invocations=548 (full 3):
 PSYoungGen      total 6656K, used 1011K [0x00000000d5580000, 0x00000000d6180000, 0x0000000100000000)
  eden space 5632K, 0% used [0x00000000d5580000,0x00000000d5580000,0x00000000d5b00000)
  from space 1024K, 98% used [0x00000000d5b00000,0x00000000d5bfcd80,0x00000000d5c00000)
  to   space 2560K, 0% used [0x00000000d5f00000,0x00000000d5f00000,0x00000000d6180000)
 ParOldGen       total 328192K, used 328075K [0x0000000080000000, 0x0000000094080000, 0x00000000d5580000)
  object space 328192K, 99% used [0x0000000080000000,0x0000000094062e00,0x0000000094080000)
 Metaspace       used 63197K, committed 64704K, reserved 1114112K
  class space    used 6621K, committed 7296K, reserved 1048576K
}
Event: 49.679 GC heap before
{Heap before GC invocations=549 (full 3):
 PSYoungGen      total 6656K, used 6643K [0x00000000d5580000, 0x00000000d6180000, 0x0000000100000000)
  eden space 5632K, 100% used [0x00000000d5580000,0x00000000d5b00000,0x00000000d5b00000)
  from space 1024K, 98% used [0x00000000d5b00000,0x00000000d5bfcd80,0x00000000d5c00000)
  to   space 2560K, 0% used [0x00000000d5f00000,0x00000000d5f00000,0x00000000d6180000)
 ParOldGen       total 328192K, used 328075K [0x0000000080000000, 0x0000000094080000, 0x00000000d5580000)
  object space 328192K, 99% used [0x0000000080000000,0x0000000094062e00,0x0000000094080000)
 Metaspace       used 63207K, committed 64704K, reserved 1114112K
  class space    used 6621K, committed 7296K, reserved 1048576K
}
Event: 50.682 GC heap after
{Heap after GC invocations=549 (full 3):
 PSYoungGen      total 8704K, used 1492K [0x00000000d5580000, 0x00000000d6080000, 0x0000000100000000)
  eden space 7168K, 0% used [0x00000000d5580000,0x00000000d5580000,0x00000000d5c80000)
  from space 1536K, 97% used [0x00000000d5f00000,0x00000000d60750e8,0x00000000d6080000)
  to   space 2048K, 0% used [0x00000000d5c80000,0x00000000d5c80000,0x00000000d5e80000)
 ParOldGen       total 329216K, used 328831K [0x0000000080000000, 0x0000000094180000, 0x00000000d5580000)
  object space 329216K, 99% used [0x0000000080000000,0x000000009411fc98,0x0000000094180000)
 Metaspace       used 63207K, committed 64704K, reserved 1114112K
  class space    used 6621K, committed 7296K, reserved 1048576K
}
Event: 50.714 GC heap before
{Heap before GC invocations=550 (full 3):
 PSYoungGen      total 8704K, used 8660K [0x00000000d5580000, 0x00000000d6080000, 0x0000000100000000)
  eden space 7168K, 99% used [0x00000000d5580000,0x00000000d5c7fff8,0x00000000d5c80000)
  from space 1536K, 97% used [0x00000000d5f00000,0x00000000d60750e8,0x00000000d6080000)
  to   space 2048K, 0% used [0x00000000d5c80000,0x00000000d5c80000,0x00000000d5e80000)
 ParOldGen       total 329216K, used 328831K [0x0000000080000000, 0x0000000094180000, 0x00000000d5580000)
  object space 329216K, 99% used [0x0000000080000000,0x000000009411fc98,0x0000000094180000)
 Metaspace       used 63224K, committed 64768K, reserved 1114112K
  class space    used 6621K, committed 7296K, reserved 1048576K
}
Event: 50.717 GC heap after
{Heap after GC invocations=550 (full 3):
 PSYoungGen      total 9216K, used 1034K [0x00000000d5580000, 0x00000000d6100000, 0x0000000100000000)
  eden space 7168K, 0% used [0x00000000d5580000,0x00000000d5580000,0x00000000d5c80000)
  from space 2048K, 50% used [0x00000000d5c80000,0x00000000d5d82bf0,0x00000000d5e80000)
  to   space 1536K, 0% used [0x00000000d5f80000,0x00000000d5f80000,0x00000000d6100000)
 ParOldGen       total 329728K, used 329705K [0x0000000080000000, 0x0000000094200000, 0x00000000d5580000)
  object space 329728K, 99% used [0x0000000080000000,0x00000000941fa4d8,0x0000000094200000)
 Metaspace       used 63224K, committed 64768K, reserved 1114112K
  class space    used 6621K, committed 7296K, reserved 1048576K
}
Event: 50.761 GC heap before
{Heap before GC invocations=551 (full 3):
 PSYoungGen      total 9216K, used 8202K [0x00000000d5580000, 0x00000000d6100000, 0x0000000100000000)
  eden space 7168K, 100% used [0x00000000d5580000,0x00000000d5c80000,0x00000000d5c80000)
  from space 2048K, 50% used [0x00000000d5c80000,0x00000000d5d82bf0,0x00000000d5e80000)
  to   space 1536K, 0% used [0x00000000d5f80000,0x00000000d5f80000,0x00000000d6100000)
 ParOldGen       total 329728K, used 329705K [0x0000000080000000, 0x0000000094200000, 0x00000000d5580000)
  object space 329728K, 99% used [0x0000000080000000,0x00000000941fa4d8,0x0000000094200000)
 Metaspace       used 63310K, committed 64832K, reserved 1114112K
  class space    used 6632K, committed 7296K, reserved 1048576K
}
Event: 50.763 GC heap after
{Heap after GC invocations=551 (full 3):
 PSYoungGen      total 9728K, used 768K [0x00000000d5580000, 0x00000000d6080000, 0x0000000100000000)
  eden space 8704K, 0% used [0x00000000d5580000,0x00000000d5580000,0x00000000d5e00000)
  from space 1024K, 75% used [0x00000000d5f80000,0x00000000d6040000,0x00000000d6080000)
  to   space 1024K, 0% used [0x00000000d5e80000,0x00000000d5e80000,0x00000000d5f80000)
 ParOldGen       total 330240K, used 330220K [0x0000000080000000, 0x0000000094280000, 0x00000000d5580000)
  object space 330240K, 99% used [0x0000000080000000,0x000000009427b2c0,0x0000000094280000)
 Metaspace       used 63310K, committed 64832K, reserved 1114112K
  class space    used 6632K, committed 7296K, reserved 1048576K
}
Event: 50.816 GC heap before
{Heap before GC invocations=552 (full 3):
 PSYoungGen      total 9728K, used 9472K [0x00000000d5580000, 0x00000000d6080000, 0x0000000100000000)
  eden space 8704K, 100% used [0x00000000d5580000,0x00000000d5e00000,0x00000000d5e00000)
  from space 1024K, 75% used [0x00000000d5f80000,0x00000000d6040000,0x00000000d6080000)
  to   space 1024K, 0% used [0x00000000d5e80000,0x00000000d5e80000,0x00000000d5f80000)
 ParOldGen       total 330240K, used 330220K [0x0000000080000000, 0x0000000094280000, 0x00000000d5580000)
  object space 330240K, 99% used [0x0000000080000000,0x000000009427b2c0,0x0000000094280000)
 Metaspace       used 63396K, committed 64896K, reserved 1114112K
  class space    used 6645K, committed 7296K, reserved 1048576K
}
Event: 51.858 GC heap after
{Heap after GC invocations=552 (full 3):
 PSYoungGen      total 10240K, used 992K [0x00000000d5580000, 0x00000000d6400000, 0x0000000100000000)
  eden space 9216K, 0% used [0x00000000d5580000,0x00000000d5580000,0x00000000d5e80000)
  from space 1024K, 96% used [0x00000000d5e80000,0x00000000d5f78020,0x00000000d5f80000)
  to   space 2048K, 0% used [0x00000000d6200000,0x00000000d6200000,0x00000000d6400000)
 ParOldGen       total 331264K, used 330801K [0x0000000080000000, 0x0000000094380000, 0x00000000d5580000)
  object space 331264K, 99% used [0x0000000080000000,0x000000009430c508,0x0000000094380000)
 Metaspace       used 63396K, committed 64896K, reserved 1114112K
  class space    used 6645K, committed 7296K, reserved 1048576K
}

