# JRE version: OpenJDK Runtime Environment Temurin-21.0.8+9 (21.0.8+9) (build 21.0.8+9-LTS)
# Java VM: OpenJDK 64-Bit Server VM Temurin-21.0.8+9 (21.0.8+9-LTS, mixed mode, sharing, tiered, compressed oops, compressed class ptrs, parallel gc, windows-amd64)
GC Precious Log:
 CardTable entry size: 512
 CPUs: 12 total, 12 available
 Memory: 3405M
 Large Page Support: Disabled
 NUMA Support: Disabled
 Compressed Oops: Enabled (32-bit)
 Alignments: Space 512K, Generation 512K, Heap 2M
 Heap Min Capacity: 100M
 Heap Initial Capacity: 100M
 Heap Max Capacity: 2G
 Pre-touch: Disabled
 Parallel Workers: 10
Heap:
 PSYoungGen      total 2560K, used 2215K [0x00000000d5580000, 0x00000000d5980000, 0x0000000100000000)
  eden space 1024K, 100% used [0x00000000d5580000,0x00000000d5680000,0x00000000d5680000)
  from space 1536K, 77% used [0x00000000d5800000,0x00000000d5929d80,0x00000000d5980000)
  to   space 1536K, 0% used [0x00000000d5680000,0x00000000d5680000,0x00000000d5800000)
 ParOldGen       total 465920K, used 464948K [0x0000000080000000, 0x000000009c700000, 0x00000000d5580000)
  object space 465920K, 99% used [0x0000000080000000,0x000000009c60d058,0x000000009c700000)
 Metaspace       used 77261K, committed 78912K, reserved 1179648K
  class space    used 7982K, committed 8704K, reserved 1048576K
GC Heap History (20 events):
Event: 248.541 GC heap before
{Heap before GC invocations=760 (full 3):
 PSYoungGen      total 2560K, used 2199K [0x00000000d5580000, 0x00000000d5980000, 0x0000000100000000)
  eden space 1024K, 100% used [0x00000000d5580000,0x00000000d5680000,0x00000000d5680000)
  from space 1536K, 76% used [0x00000000d5800000,0x00000000d5925eb8,0x00000000d5980000)
  to   space 1536K, 0% used [0x00000000d5680000,0x00000000d5680000,0x00000000d5800000)
 ParOldGen       total 453632K, used 453512K [0x0000000080000000, 0x000000009bb00000, 0x00000000d5580000)
  object space 453632K, 99% used [0x0000000080000000,0x000000009bae2288,0x000000009bb00000)
 Metaspace       used 77246K, committed 78912K, reserved 1179648K
  class space    used 7982K, committed 8704K, reserved 1048576K
}
Event: 248.558 GC heap after
{Heap after GC invocations=760 (full 3):
 PSYoungGen      total 2560K, used 1139K [0x00000000d5580000, 0x00000000d5980000, 0x0000000100000000)
  eden space 1024K, 0% used [0x00000000d5580000,0x00000000d5580000,0x00000000d5680000)
  from space 1536K, 74% used [0x00000000d5680000,0x00000000d579cfd0,0x00000000d5800000)
  to   space 1536K, 0% used [0x00000000d5800000,0x00000000d5800000,0x00000000d5980000)
 ParOldGen       total 454656K, used 454502K [0x0000000080000000, 0x000000009bc00000, 0x00000000d5580000)
  object space 454656K, 99% used [0x0000000080000000,0x000000009bbd9bd8,0x000000009bc00000)
 Metaspace       used 77246K, committed 78912K, reserved 1179648K
  class space    used 7982K, committed 8704K, reserved 1048576K
}
Event: 249.512 GC heap before
{Heap before GC invocations=761 (full 3):
 PSYoungGen      total 2560K, used 2163K [0x00000000d5580000, 0x00000000d5980000, 0x0000000100000000)
  eden space 1024K, 100% used [0x00000000d5580000,0x00000000d5680000,0x00000000d5680000)
  from space 1536K, 74% used [0x00000000d5680000,0x00000000d579cfd0,0x00000000d5800000)
  to   space 1536K, 0% used [0x00000000d5800000,0x00000000d5800000,0x00000000d5980000)
 ParOldGen       total 454656K, used 454502K [0x0000000080000000, 0x000000009bc00000, 0x00000000d5580000)
  object space 454656K, 99% used [0x0000000080000000,0x000000009bbd9bd8,0x000000009bc00000)
 Metaspace       used 77246K, committed 78912K, reserved 1179648K
  class space    used 7982K, committed 8704K, reserved 1048576K
}
Event: 249.520 GC heap after
{Heap after GC invocations=761 (full 3):
 PSYoungGen      total 2560K, used 1119K [0x00000000d5580000, 0x00000000d5980000, 0x0000000100000000)
  eden space 1024K, 0% used [0x00000000d5580000,0x00000000d5580000,0x00000000d5680000)
  from space 1536K, 72% used [0x00000000d5800000,0x00000000d5917e58,0x00000000d5980000)
  to   space 1536K, 0% used [0x00000000d5680000,0x00000000d5680000,0x00000000d5800000)
 ParOldGen       total 455680K, used 455532K [0x0000000080000000, 0x000000009bd00000, 0x00000000d5580000)
  object space 455680K, 99% used [0x0000000080000000,0x000000009bcdb0f0,0x000000009bd00000)
 Metaspace       used 77246K, committed 78912K, reserved 1179648K
  class space    used 7982K, committed 8704K, reserved 1048576K
}
Event: 249.833 GC heap before
{Heap before GC invocations=762 (full 3):
 PSYoungGen      total 2560K, used 1911K [0x00000000d5580000, 0x00000000d5980000, 0x0000000100000000)
  eden space 1024K, 77% used [0x00000000d5580000,0x00000000d5645e58,0x00000000d5680000)
  from space 1536K, 72% used [0x00000000d5800000,0x00000000d5917e58,0x00000000d5980000)
  to   space 1536K, 0% used [0x00000000d5680000,0x00000000d5680000,0x00000000d5800000)
 ParOldGen       total 455680K, used 455532K [0x0000000080000000, 0x000000009bd00000, 0x00000000d5580000)
  object space 455680K, 99% used [0x0000000080000000,0x000000009bcdb0f0,0x000000009bd00000)
 Metaspace       used 77246K, committed 78912K, reserved 1179648K
  class space    used 7982K, committed 8704K, reserved 1048576K
}
Event: 249.848 GC heap after
{Heap after GC invocations=762 (full 3):
 PSYoungGen      total 2048K, used 963K [0x00000000d5580000, 0x00000000d5880000, 0x0000000100000000)
  eden space 1024K, 0% used [0x00000000d5580000,0x00000000d5580000,0x00000000d5680000)
  from space 1024K, 94% used [0x00000000d5680000,0x00000000d5770fd0,0x00000000d5780000)
  to   space 1024K, 0% used [0x00000000d5780000,0x00000000d5780000,0x00000000d5880000)
 ParOldGen       total 456704K, used 456573K [0x0000000080000000, 0x000000009be00000, 0x00000000d5580000)
  object space 456704K, 99% used [0x0000000080000000,0x000000009bddf458,0x000000009be00000)
 Metaspace       used 77246K, committed 78912K, reserved 1179648K
  class space    used 7982K, committed 8704K, reserved 1048576K
}
Event: 251.018 GC heap before
{Heap before GC invocations=763 (full 3):
 PSYoungGen      total 2048K, used 1918K [0x00000000d5580000, 0x00000000d5880000, 0x0000000100000000)
  eden space 1024K, 93% used [0x00000000d5580000,0x00000000d566e958,0x00000000d5680000)
  from space 1024K, 94% used [0x00000000d5680000,0x00000000d5770fd0,0x00000000d5780000)
  to   space 1024K, 0% used [0x00000000d5780000,0x00000000d5780000,0x00000000d5880000)
 ParOldGen       total 456704K, used 456573K [0x0000000080000000, 0x000000009be00000, 0x00000000d5580000)
  object space 456704K, 99% used [0x0000000080000000,0x000000009bddf458,0x000000009be00000)
 Metaspace       used 77246K, committed 78912K, reserved 1179648K
  class space    used 7982K, committed 8704K, reserved 1048576K
}
Event: 251.024 GC heap after
{Heap after GC invocations=763 (full 3):
 PSYoungGen      total 2048K, used 739K [0x00000000d5580000, 0x00000000d5880000, 0x0000000100000000)
  eden space 1024K, 0% used [0x00000000d5580000,0x00000000d5580000,0x00000000d5680000)
  from space 1024K, 72% used [0x00000000d5780000,0x00000000d5838ee8,0x00000000d5880000)
  to   space 1024K, 0% used [0x00000000d5680000,0x00000000d5680000,0x00000000d5780000)
 ParOldGen       total 458240K, used 457735K [0x0000000080000000, 0x000000009bf80000, 0x00000000d5580000)
  object space 458240K, 99% used [0x0000000080000000,0x000000009bf01e60,0x000000009bf80000)
 Metaspace       used 77246K, committed 78912K, reserved 1179648K
  class space    used 7982K, committed 8704K, reserved 1048576K
}
Event: 251.319 GC heap before
{Heap before GC invocations=764 (full 3):
 PSYoungGen      total 2048K, used 1763K [0x00000000d5580000, 0x00000000d5880000, 0x0000000100000000)
  eden space 1024K, 100% used [0x00000000d5580000,0x00000000d5680000,0x00000000d5680000)
  from space 1024K, 72% used [0x00000000d5780000,0x00000000d5838ee8,0x00000000d5880000)
  to   space 1024K, 0% used [0x00000000d5680000,0x00000000d5680000,0x00000000d5780000)
 ParOldGen       total 458240K, used 457735K [0x0000000080000000, 0x000000009bf80000, 0x00000000d5580000)
  object space 458240K, 99% used [0x0000000080000000,0x000000009bf01e60,0x000000009bf80000)
 Metaspace       used 77246K, committed 78912K, reserved 1179648K
  class space    used 7982K, committed 8704K, reserved 1048576K
}
Event: 251.324 GC heap after
{Heap after GC invocations=764 (full 3):
 PSYoungGen      total 2048K, used 998K [0x00000000d5580000, 0x00000000d5a80000, 0x0000000100000000)
  eden space 1024K, 0% used [0x00000000d5580000,0x00000000d5580000,0x00000000d5680000)
  from space 1024K, 97% used [0x00000000d5680000,0x00000000d5779b60,0x00000000d5780000)
  to   space 2048K, 0% used [0x00000000d5880000,0x00000000d5880000,0x00000000d5a80000)
 ParOldGen       total 458752K, used 458419K [0x0000000080000000, 0x000000009c000000, 0x00000000d5580000)
  object space 458752K, 99% used [0x0000000080000000,0x000000009bfaccb0,0x000000009c000000)
 Metaspace       used 77246K, committed 78912K, reserved 1179648K
  class space    used 7982K, committed 8704K, reserved 1048576K
}
Event: 251.467 GC heap before
{Heap before GC invocations=765 (full 3):
 PSYoungGen      total 2048K, used 1910K [0x00000000d5580000, 0x00000000d5a80000, 0x0000000100000000)
  eden space 1024K, 89% used [0x00000000d5580000,0x00000000d5663f60,0x00000000d5680000)
  from space 1024K, 97% used [0x00000000d5680000,0x00000000d5779b60,0x00000000d5780000)
  to   space 2048K, 0% used [0x00000000d5880000,0x00000000d5880000,0x00000000d5a80000)
 ParOldGen       total 458752K, used 458419K [0x0000000080000000, 0x000000009c000000, 0x00000000d5580000)
  object space 458752K, 99% used [0x0000000080000000,0x000000009bfaccb0,0x000000009c000000)
 Metaspace       used 77246K, committed 78912K, reserved 1179648K
  class space    used 7982K, committed 8704K, reserved 1048576K
}
Event: 251.473 GC heap after
{Heap after GC invocations=765 (full 3):
 PSYoungGen      total 2048K, used 983K [0x00000000d5580000, 0x00000000d5980000, 0x0000000100000000)
  eden space 1024K, 0% used [0x00000000d5580000,0x00000000d5580000,0x00000000d5680000)
  from space 1024K, 96% used [0x00000000d5880000,0x00000000d5975fa0,0x00000000d5980000)
  to   space 1536K, 0% used [0x00000000d5680000,0x00000000d5680000,0x00000000d5800000)
 ParOldGen       total 459776K, used 459411K [0x0000000080000000, 0x000000009c100000, 0x00000000d5580000)
  object space 459776K, 99% used [0x0000000080000000,0x000000009c0a4cf8,0x000000009c100000)
 Metaspace       used 77246K, committed 78912K, reserved 1179648K
  class space    used 7982K, committed 8704K, reserved 1048576K
}
Event: 251.871 GC heap before
{Heap before GC invocations=766 (full 3):
 PSYoungGen      total 2048K, used 2007K [0x00000000d5580000, 0x00000000d5980000, 0x0000000100000000)
  eden space 1024K, 100% used [0x00000000d5580000,0x00000000d5680000,0x00000000d5680000)
  from space 1024K, 96% used [0x00000000d5880000,0x00000000d5975fa0,0x00000000d5980000)
  to   space 1536K, 0% used [0x00000000d5680000,0x00000000d5680000,0x00000000d5800000)
 ParOldGen       total 459776K, used 459411K [0x0000000080000000, 0x000000009c100000, 0x00000000d5580000)
  object space 459776K, 99% used [0x0000000080000000,0x000000009c0a4cf8,0x000000009c100000)
 Metaspace       used 77246K, committed 78912K, reserved 1179648K
  class space    used 7982K, committed 8704K, reserved 1048576K
}
Event: 251.878 GC heap after
{Heap after GC invocations=766 (full 3):
 PSYoungGen      total 2560K, used 1143K [0x00000000d5580000, 0x00000000d5980000, 0x0000000100000000)
  eden space 1024K, 0% used [0x00000000d5580000,0x00000000d5580000,0x00000000d5680000)
  from space 1536K, 74% used [0x00000000d5680000,0x00000000d579dfa0,0x00000000d5800000)
  to   space 1536K, 0% used [0x00000000d5800000,0x00000000d5800000,0x00000000d5980000)
 ParOldGen       total 460800K, used 460340K [0x0000000080000000, 0x000000009c200000, 0x00000000d5580000)
  object space 460800K, 99% used [0x0000000080000000,0x000000009c18d1e0,0x000000009c200000)
 Metaspace       used 77246K, committed 78912K, reserved 1179648K
  class space    used 7982K, committed 8704K, reserved 1048576K
}
Event: 252.486 GC heap before
{Heap before GC invocations=767 (full 3):
 PSYoungGen      total 2560K, used 2167K [0x00000000d5580000, 0x00000000d5980000, 0x0000000100000000)
  eden space 1024K, 100% used [0x00000000d5580000,0x00000000d5680000,0x00000000d5680000)
  from space 1536K, 74% used [0x00000000d5680000,0x00000000d579dfa0,0x00000000d5800000)
  to   space 1536K, 0% used [0x00000000d5800000,0x00000000d5800000,0x00000000d5980000)
 ParOldGen       total 460800K, used 460340K [0x0000000080000000, 0x000000009c200000, 0x00000000d5580000)
  object space 460800K, 99% used [0x0000000080000000,0x000000009c18d1e0,0x000000009c200000)
 Metaspace       used 77246K, committed 78912K, reserved 1179648K
  class space    used 7982K, committed 8704K, reserved 1048576K
}
Event: 252.490 GC heap after
{Heap after GC invocations=767 (full 3):
 PSYoungGen      total 2560K, used 1152K [0x00000000d5580000, 0x00000000d5980000, 0x0000000100000000)
  eden space 1024K, 0% used [0x00000000d5580000,0x00000000d5580000,0x00000000d5680000)
  from space 1536K, 75% used [0x00000000d5800000,0x00000000d5920000,0x00000000d5980000)
  to   space 1536K, 0% used [0x00000000d5680000,0x00000000d5680000,0x00000000d5800000)
 ParOldGen       total 461824K, used 461380K [0x0000000080000000, 0x000000009c300000, 0x00000000d5580000)
  object space 461824K, 99% used [0x0000000080000000,0x000000009c291138,0x000000009c300000)
 Metaspace       used 77246K, committed 78912K, reserved 1179648K
  class space    used 7982K, committed 8704K, reserved 1048576K
}
Event: 252.601 GC heap before
{Heap before GC invocations=768 (full 3):
 PSYoungGen      total 2560K, used 2161K [0x00000000d5580000, 0x00000000d5980000, 0x0000000100000000)
  eden space 1024K, 98% used [0x00000000d5580000,0x00000000d567c7b8,0x00000000d5680000)
  from space 1536K, 75% used [0x00000000d5800000,0x00000000d5920000,0x00000000d5980000)
  to   space 1536K, 0% used [0x00000000d5680000,0x00000000d5680000,0x00000000d5800000)
 ParOldGen       total 461824K, used 461380K [0x0000000080000000, 0x000000009c300000, 0x00000000d5580000)
  object space 461824K, 99% used [0x0000000080000000,0x000000009c291138,0x000000009c300000)
 Metaspace       used 77246K, committed 78912K, reserved 1179648K
  class space    used 7982K, committed 8704K, reserved 1048576K
}
Event: 252.607 GC heap after
{Heap after GC invocations=768 (full 3):
 PSYoungGen      total 2560K, used 1135K [0x00000000d5580000, 0x00000000d5980000, 0x0000000100000000)
  eden space 1024K, 0% used [0x00000000d5580000,0x00000000d5580000,0x00000000d5680000)
  from space 1536K, 73% used [0x00000000d5680000,0x00000000d579bf40,0x00000000d5800000)
  to   space 1536K, 0% used [0x00000000d5800000,0x00000000d5800000,0x00000000d5980000)
 ParOldGen       total 462848K, used 462426K [0x0000000080000000, 0x000000009c400000, 0x00000000d5580000)
  object space 462848K, 99% used [0x0000000080000000,0x000000009c396bd0,0x000000009c400000)
 Metaspace       used 77246K, committed 78912K, reserved 1179648K
  class space    used 7982K, committed 8704K, reserved 1048576K
}
Event: 252.686 GC heap before
{Heap before GC invocations=769 (full 3):
 PSYoungGen      total 2560K, used 2159K [0x00000000d5580000, 0x00000000d5980000, 0x0000000100000000)
  eden space 1024K, 100% used [0x00000000d5580000,0x00000000d5680000,0x00000000d5680000)
  from space 1536K, 73% used [0x00000000d5680000,0x00000000d579bf40,0x00000000d5800000)
  to   space 1536K, 0% used [0x00000000d5800000,0x00000000d5800000,0x00000000d5980000)
 ParOldGen       total 462848K, used 462426K [0x0000000080000000, 0x000000009c400000, 0x00000000d5580000)
  object space 462848K, 99% used [0x0000000080000000,0x000000009c396bd0,0x000000009c400000)
 Metaspace       used 77246K, committed 78912K, reserved 1179648K
  class space    used 7982K, committed 8704K, reserved 1048576K
}
Event: 252.690 GC heap after
{Heap after GC invocations=769 (full 3):
 PSYoungGen      total 2560K, used 1191K [0x00000000d5580000, 0x00000000d5980000, 0x0000000100000000)
  eden space 1024K, 0% used [0x00000000d5580000,0x00000000d5580000,0x00000000d5680000)
  from space 1536K, 77% used [0x00000000d5800000,0x00000000d5929d80,0x00000000d5980000)
  to   space 1536K, 0% used [0x00000000d5680000,0x00000000d5680000,0x00000000d5800000)
 ParOldGen       total 463872K, used 463436K [0x0000000080000000, 0x000000009c500000, 0x00000000d5580000)
  object space 463872K, 99% used [0x0000000080000000,0x000000009c493058,0x000000009c500000)
 Metaspace       used 77246K, committed 78912K, reserved 1179648K
  class space    used 7982K, committed 8704K, reserved 1048576K
}

