# JRE version: OpenJDK Runtime Environment Temurin-21.0.8+9 (21.0.8+9) (build 21.0.8+9-LTS)
# Java VM: OpenJDK 64-Bit Server VM Temurin-21.0.8+9 (21.0.8+9-LTS, mixed mode, sharing, tiered, compressed oops, compressed class ptrs, parallel gc, windows-amd64)
GC Precious Log:
 CardTable entry size: 512
 CPUs: 12 total, 12 available
 Memory: 3405M
 Large Page Support: Disabled
 NUMA Support: Disabled
 Compressed Oops: Enabled (32-bit)
 Alignments: Space 512K, Generation 512K, Heap 2M
 Heap Min Capacity: 100M
 Heap Initial Capacity: 100M
 Heap Max Capacity: 2G
 Pre-touch: Disabled
 Parallel Workers: 10
Heap:
 PSYoungGen      total 4096K, used 3889K [0x00000000d5580000, 0x00000000d5a80000, 0x0000000100000000)
  eden space 3072K, 100% used [0x00000000d5580000,0x00000000d5880000,0x00000000d5880000)
  from space 1024K, 79% used [0x00000000d5980000,0x00000000d5a4c550,0x00000000d5a80000)
  to   space 1024K, 65% used [0x00000000d5880000,0x00000000d5927128,0x00000000d5980000)
 ParOldGen       total 235520K, used 235513K [0x0000000080000000, 0x000000008e600000, 0x00000000d5580000)
  object space 235520K, 99% used [0x0000000080000000,0x000000008e5fe5b8,0x000000008e600000)
 Metaspace       used 56515K, committed 57920K, reserved 1114112K
  class space    used 6016K, committed 6656K, reserved 1048576K
GC Heap History (20 events):
Event: 64.360 GC heap after
{Heap after GC invocations=151 (full 2):
 PSYoungGen      total 4096K, used 842K [0x00000000d5580000, 0x00000000d5b80000, 0x0000000100000000)
  eden space 3072K, 0% used [0x00000000d5580000,0x00000000d5580000,0x00000000d5880000)
  from space 1024K, 82% used [0x00000000d5880000,0x00000000d5952a30,0x00000000d5980000)
  to   space 1536K, 0% used [0x00000000d5a00000,0x00000000d5a00000,0x00000000d5b80000)
 ParOldGen       total 228864K, used 228572K [0x0000000080000000, 0x000000008df80000, 0x00000000d5580000)
  object space 228864K, 99% used [0x0000000080000000,0x000000008df37360,0x000000008df80000)
 Metaspace       used 56515K, committed 57920K, reserved 1114112K
  class space    used 6016K, committed 6656K, reserved 1048576K
}
Event: 64.391 GC heap before
{Heap before GC invocations=152 (full 2):
 PSYoungGen      total 4096K, used 3914K [0x00000000d5580000, 0x00000000d5b80000, 0x0000000100000000)
  eden space 3072K, 100% used [0x00000000d5580000,0x00000000d5880000,0x00000000d5880000)
  from space 1024K, 82% used [0x00000000d5880000,0x00000000d5952a30,0x00000000d5980000)
  to   space 1536K, 0% used [0x00000000d5a00000,0x00000000d5a00000,0x00000000d5b80000)
 ParOldGen       total 228864K, used 228572K [0x0000000080000000, 0x000000008df80000, 0x00000000d5580000)
  object space 228864K, 99% used [0x0000000080000000,0x000000008df37360,0x000000008df80000)
 Metaspace       used 56515K, committed 57920K, reserved 1114112K
  class space    used 6016K, committed 6656K, reserved 1048576K
}
Event: 64.395 GC heap after
{Heap after GC invocations=152 (full 2):
 PSYoungGen      total 4096K, used 800K [0x00000000d5580000, 0x00000000d5b00000, 0x0000000100000000)
  eden space 3072K, 0% used [0x00000000d5580000,0x00000000d5580000,0x00000000d5880000)
  from space 1024K, 78% used [0x00000000d5a00000,0x00000000d5ac8000,0x00000000d5b00000)
  to   space 1024K, 0% used [0x00000000d5880000,0x00000000d5880000,0x00000000d5980000)
 ParOldGen       total 229376K, used 229275K [0x0000000080000000, 0x000000008e000000, 0x00000000d5580000)
  object space 229376K, 99% used [0x0000000080000000,0x000000008dfe6c48,0x000000008e000000)
 Metaspace       used 56515K, committed 57920K, reserved 1114112K
  class space    used 6016K, committed 6656K, reserved 1048576K
}
Event: 64.429 GC heap before
{Heap before GC invocations=153 (full 2):
 PSYoungGen      total 4096K, used 3872K [0x00000000d5580000, 0x00000000d5b00000, 0x0000000100000000)
  eden space 3072K, 100% used [0x00000000d5580000,0x00000000d5880000,0x00000000d5880000)
  from space 1024K, 78% used [0x00000000d5a00000,0x00000000d5ac8000,0x00000000d5b00000)
  to   space 1024K, 0% used [0x00000000d5880000,0x00000000d5880000,0x00000000d5980000)
 ParOldGen       total 229376K, used 229275K [0x0000000080000000, 0x000000008e000000, 0x00000000d5580000)
  object space 229376K, 99% used [0x0000000080000000,0x000000008dfe6c48,0x000000008e000000)
 Metaspace       used 56515K, committed 57920K, reserved 1114112K
  class space    used 6016K, committed 6656K, reserved 1048576K
}
Event: 64.433 GC heap after
{Heap after GC invocations=153 (full 2):
 PSYoungGen      total 4096K, used 824K [0x00000000d5580000, 0x00000000d5a80000, 0x0000000100000000)
  eden space 3072K, 0% used [0x00000000d5580000,0x00000000d5580000,0x00000000d5880000)
  from space 1024K, 80% used [0x00000000d5880000,0x00000000d594e3d8,0x00000000d5980000)
  to   space 1024K, 0% used [0x00000000d5980000,0x00000000d5980000,0x00000000d5a80000)
 ParOldGen       total 230400K, used 229943K [0x0000000080000000, 0x000000008e100000, 0x00000000d5580000)
  object space 230400K, 99% used [0x0000000080000000,0x000000008e08dd40,0x000000008e100000)
 Metaspace       used 56515K, committed 57920K, reserved 1114112K
  class space    used 6016K, committed 6656K, reserved 1048576K
}
Event: 64.458 GC heap before
{Heap before GC invocations=154 (full 2):
 PSYoungGen      total 4096K, used 3896K [0x00000000d5580000, 0x00000000d5a80000, 0x0000000100000000)
  eden space 3072K, 100% used [0x00000000d5580000,0x00000000d5880000,0x00000000d5880000)
  from space 1024K, 80% used [0x00000000d5880000,0x00000000d594e3d8,0x00000000d5980000)
  to   space 1024K, 0% used [0x00000000d5980000,0x00000000d5980000,0x00000000d5a80000)
 ParOldGen       total 230400K, used 229943K [0x0000000080000000, 0x000000008e100000, 0x00000000d5580000)
  object space 230400K, 99% used [0x0000000080000000,0x000000008e08dd40,0x000000008e100000)
 Metaspace       used 56515K, committed 57920K, reserved 1114112K
  class space    used 6016K, committed 6656K, reserved 1048576K
}
Event: 64.461 GC heap after
{Heap after GC invocations=154 (full 2):
 PSYoungGen      total 4096K, used 843K [0x00000000d5580000, 0x00000000d5a80000, 0x0000000100000000)
  eden space 3072K, 0% used [0x00000000d5580000,0x00000000d5580000,0x00000000d5880000)
  from space 1024K, 82% used [0x00000000d5980000,0x00000000d5a52de8,0x00000000d5a80000)
  to   space 1024K, 0% used [0x00000000d5880000,0x00000000d5880000,0x00000000d5980000)
 ParOldGen       total 230912K, used 230660K [0x0000000080000000, 0x000000008e180000, 0x00000000d5580000)
  object space 230912K, 99% used [0x0000000080000000,0x000000008e1410a8,0x000000008e180000)
 Metaspace       used 56515K, committed 57920K, reserved 1114112K
  class space    used 6016K, committed 6656K, reserved 1048576K
}
Event: 64.489 GC heap before
{Heap before GC invocations=155 (full 2):
 PSYoungGen      total 4096K, used 3915K [0x00000000d5580000, 0x00000000d5a80000, 0x0000000100000000)
  eden space 3072K, 100% used [0x00000000d5580000,0x00000000d5880000,0x00000000d5880000)
  from space 1024K, 82% used [0x00000000d5980000,0x00000000d5a52de8,0x00000000d5a80000)
  to   space 1024K, 0% used [0x00000000d5880000,0x00000000d5880000,0x00000000d5980000)
 ParOldGen       total 230912K, used 230660K [0x0000000080000000, 0x000000008e180000, 0x00000000d5580000)
  object space 230912K, 99% used [0x0000000080000000,0x000000008e1410a8,0x000000008e180000)
 Metaspace       used 56515K, committed 57920K, reserved 1114112K
  class space    used 6016K, committed 6656K, reserved 1048576K
}
Event: 64.491 GC heap after
{Heap after GC invocations=155 (full 2):
 PSYoungGen      total 4096K, used 736K [0x00000000d5580000, 0x00000000d5a80000, 0x0000000100000000)
  eden space 3072K, 0% used [0x00000000d5580000,0x00000000d5580000,0x00000000d5880000)
  from space 1024K, 71% used [0x00000000d5880000,0x00000000d5938000,0x00000000d5980000)
  to   space 1024K, 0% used [0x00000000d5980000,0x00000000d5980000,0x00000000d5a80000)
 ParOldGen       total 231424K, used 231371K [0x0000000080000000, 0x000000008e200000, 0x00000000d5580000)
  object space 231424K, 99% used [0x0000000080000000,0x000000008e1f2f88,0x000000008e200000)
 Metaspace       used 56515K, committed 57920K, reserved 1114112K
  class space    used 6016K, committed 6656K, reserved 1048576K
}
Event: 64.515 GC heap before
{Heap before GC invocations=156 (full 2):
 PSYoungGen      total 4096K, used 3808K [0x00000000d5580000, 0x00000000d5a80000, 0x0000000100000000)
  eden space 3072K, 100% used [0x00000000d5580000,0x00000000d5880000,0x00000000d5880000)
  from space 1024K, 71% used [0x00000000d5880000,0x00000000d5938000,0x00000000d5980000)
  to   space 1024K, 0% used [0x00000000d5980000,0x00000000d5980000,0x00000000d5a80000)
 ParOldGen       total 231424K, used 231371K [0x0000000080000000, 0x000000008e200000, 0x00000000d5580000)
  object space 231424K, 99% used [0x0000000080000000,0x000000008e1f2f88,0x000000008e200000)
 Metaspace       used 56515K, committed 57920K, reserved 1114112K
  class space    used 6016K, committed 6656K, reserved 1048576K
}
Event: 64.518 GC heap after
{Heap after GC invocations=156 (full 2):
 PSYoungGen      total 4096K, used 823K [0x00000000d5580000, 0x00000000d5a80000, 0x0000000100000000)
  eden space 3072K, 0% used [0x00000000d5580000,0x00000000d5580000,0x00000000d5880000)
  from space 1024K, 80% used [0x00000000d5980000,0x00000000d5a4dd28,0x00000000d5a80000)
  to   space 1024K, 0% used [0x00000000d5880000,0x00000000d5880000,0x00000000d5980000)
 ParOldGen       total 232448K, used 232009K [0x0000000080000000, 0x000000008e300000, 0x00000000d5580000)
  object space 232448K, 99% used [0x0000000080000000,0x000000008e2924b8,0x000000008e300000)
 Metaspace       used 56515K, committed 57920K, reserved 1114112K
  class space    used 6016K, committed 6656K, reserved 1048576K
}
Event: 64.547 GC heap before
{Heap before GC invocations=157 (full 2):
 PSYoungGen      total 4096K, used 3895K [0x00000000d5580000, 0x00000000d5a80000, 0x0000000100000000)
  eden space 3072K, 100% used [0x00000000d5580000,0x00000000d5880000,0x00000000d5880000)
  from space 1024K, 80% used [0x00000000d5980000,0x00000000d5a4dd28,0x00000000d5a80000)
  to   space 1024K, 0% used [0x00000000d5880000,0x00000000d5880000,0x00000000d5980000)
 ParOldGen       total 232448K, used 232009K [0x0000000080000000, 0x000000008e300000, 0x00000000d5580000)
  object space 232448K, 99% used [0x0000000080000000,0x000000008e2924b8,0x000000008e300000)
 Metaspace       used 56515K, committed 57920K, reserved 1114112K
  class space    used 6016K, committed 6656K, reserved 1048576K
}
Event: 64.549 GC heap after
{Heap after GC invocations=157 (full 2):
 PSYoungGen      total 4096K, used 920K [0x00000000d5580000, 0x00000000d5a80000, 0x0000000100000000)
  eden space 3072K, 0% used [0x00000000d5580000,0x00000000d5580000,0x00000000d5880000)
  from space 1024K, 89% used [0x00000000d5880000,0x00000000d5966008,0x00000000d5980000)
  to   space 1024K, 0% used [0x00000000d5980000,0x00000000d5980000,0x00000000d5a80000)
 ParOldGen       total 232960K, used 232929K [0x0000000080000000, 0x000000008e380000, 0x00000000d5580000)
  object space 232960K, 99% used [0x0000000080000000,0x000000008e378640,0x000000008e380000)
 Metaspace       used 56515K, committed 57920K, reserved 1114112K
  class space    used 6016K, committed 6656K, reserved 1048576K
}
Event: 64.573 GC heap before
{Heap before GC invocations=158 (full 2):
 PSYoungGen      total 4096K, used 3992K [0x00000000d5580000, 0x00000000d5a80000, 0x0000000100000000)
  eden space 3072K, 100% used [0x00000000d5580000,0x00000000d5880000,0x00000000d5880000)
  from space 1024K, 89% used [0x00000000d5880000,0x00000000d5966008,0x00000000d5980000)
  to   space 1024K, 0% used [0x00000000d5980000,0x00000000d5980000,0x00000000d5a80000)
 ParOldGen       total 232960K, used 232929K [0x0000000080000000, 0x000000008e380000, 0x00000000d5580000)
  object space 232960K, 99% used [0x0000000080000000,0x000000008e378640,0x000000008e380000)
 Metaspace       used 56515K, committed 57920K, reserved 1114112K
  class space    used 6016K, committed 6656K, reserved 1048576K
}
Event: 64.576 GC heap after
{Heap after GC invocations=158 (full 2):
 PSYoungGen      total 4096K, used 800K [0x00000000d5580000, 0x00000000d5a80000, 0x0000000100000000)
  eden space 3072K, 0% used [0x00000000d5580000,0x00000000d5580000,0x00000000d5880000)
  from space 1024K, 78% used [0x00000000d5980000,0x00000000d5a48000,0x00000000d5a80000)
  to   space 1024K, 0% used [0x00000000d5880000,0x00000000d5880000,0x00000000d5980000)
 ParOldGen       total 233984K, used 233751K [0x0000000080000000, 0x000000008e480000, 0x00000000d5580000)
  object space 233984K, 99% used [0x0000000080000000,0x000000008e445c38,0x000000008e480000)
 Metaspace       used 56515K, committed 57920K, reserved 1114112K
  class space    used 6016K, committed 6656K, reserved 1048576K
}
Event: 64.624 GC heap before
{Heap before GC invocations=159 (full 2):
 PSYoungGen      total 4096K, used 3872K [0x00000000d5580000, 0x00000000d5a80000, 0x0000000100000000)
  eden space 3072K, 100% used [0x00000000d5580000,0x00000000d5880000,0x00000000d5880000)
  from space 1024K, 78% used [0x00000000d5980000,0x00000000d5a48000,0x00000000d5a80000)
  to   space 1024K, 0% used [0x00000000d5880000,0x00000000d5880000,0x00000000d5980000)
 ParOldGen       total 233984K, used 233751K [0x0000000080000000, 0x000000008e480000, 0x00000000d5580000)
  object space 233984K, 99% used [0x0000000080000000,0x000000008e445c38,0x000000008e480000)
 Metaspace       used 56515K, committed 57920K, reserved 1114112K
  class space    used 6016K, committed 6656K, reserved 1048576K
}
Event: 64.627 GC heap after
{Heap after GC invocations=159 (full 2):
 PSYoungGen      total 4096K, used 832K [0x00000000d5580000, 0x00000000d5a80000, 0x0000000100000000)
  eden space 3072K, 0% used [0x00000000d5580000,0x00000000d5580000,0x00000000d5880000)
  from space 1024K, 81% used [0x00000000d5880000,0x00000000d5950000,0x00000000d5980000)
  to   space 1024K, 0% used [0x00000000d5980000,0x00000000d5980000,0x00000000d5a80000)
 ParOldGen       total 234496K, used 234400K [0x0000000080000000, 0x000000008e500000, 0x00000000d5580000)
  object space 234496K, 99% used [0x0000000080000000,0x000000008e4e8238,0x000000008e500000)
 Metaspace       used 56515K, committed 57920K, reserved 1114112K
  class space    used 6016K, committed 6656K, reserved 1048576K
}
Event: 64.648 GC heap before
{Heap before GC invocations=160 (full 2):
 PSYoungGen      total 4096K, used 3904K [0x00000000d5580000, 0x00000000d5a80000, 0x0000000100000000)
  eden space 3072K, 100% used [0x00000000d5580000,0x00000000d5880000,0x00000000d5880000)
  from space 1024K, 81% used [0x00000000d5880000,0x00000000d5950000,0x00000000d5980000)
  to   space 1024K, 0% used [0x00000000d5980000,0x00000000d5980000,0x00000000d5a80000)
 ParOldGen       total 234496K, used 234400K [0x0000000080000000, 0x000000008e500000, 0x00000000d5580000)
  object space 234496K, 99% used [0x0000000080000000,0x000000008e4e8238,0x000000008e500000)
 Metaspace       used 56515K, committed 57920K, reserved 1114112K
  class space    used 6016K, committed 6656K, reserved 1048576K
}
Event: 64.651 GC heap after
{Heap after GC invocations=160 (full 2):
 PSYoungGen      total 4096K, used 817K [0x00000000d5580000, 0x00000000d5a80000, 0x0000000100000000)
  eden space 3072K, 0% used [0x00000000d5580000,0x00000000d5580000,0x00000000d5880000)
  from space 1024K, 79% used [0x00000000d5980000,0x00000000d5a4c550,0x00000000d5a80000)
  to   space 1024K, 0% used [0x00000000d5880000,0x00000000d5880000,0x00000000d5980000)
 ParOldGen       total 235520K, used 235041K [0x0000000080000000, 0x000000008e600000, 0x00000000d5580000)
  object space 235520K, 99% used [0x0000000080000000,0x000000008e5886d0,0x000000008e600000)
 Metaspace       used 56515K, committed 57920K, reserved 1114112K
  class space    used 6016K, committed 6656K, reserved 1048576K
}
Event: 64.674 GC heap before
{Heap before GC invocations=161 (full 2):
 PSYoungGen      total 4096K, used 3889K [0x00000000d5580000, 0x00000000d5a80000, 0x0000000100000000)
  eden space 3072K, 100% used [0x00000000d5580000,0x00000000d5880000,0x00000000d5880000)
  from space 1024K, 79% used [0x00000000d5980000,0x00000000d5a4c550,0x00000000d5a80000)
  to   space 1024K, 0% used [0x00000000d5880000,0x00000000d5880000,0x00000000d5980000)
 ParOldGen       total 235520K, used 235041K [0x0000000080000000, 0x000000008e600000, 0x00000000d5580000)
  object space 235520K, 99% used [0x0000000080000000,0x000000008e5886d0,0x000000008e600000)
 Metaspace       used 56515K, committed 57920K, reserved 1114112K
  class space    used 6016K, committed 6656K, reserved 1048576K
}

